e:\m1\s1\coo\projet\yahtzee\yahtzee\x64\release\vc142.pdb
e:\m1\s1\coo\projet\yahtzee\yahtzee\x64\release\yahtzee.obj
e:\m1\s1\coo\projet\yahtzee\yahtzee\x64\release\partie.obj
e:\m1\s1\coo\projet\yahtzee\yahtzee\x64\release\lancer.obj
e:\m1\s1\coo\projet\yahtzee\yahtzee\x64\release\joueur.obj
e:\m1\s1\coo\projet\yahtzee\yahtzee\x64\release\ia.obj
e:\m1\s1\coo\projet\yahtzee\yahtzee\x64\release\figuresuperieur.obj
e:\m1\s1\coo\projet\yahtzee\yahtzee\x64\release\figuresjeu.obj
e:\m1\s1\coo\projet\yahtzee\yahtzee\x64\release\figureinferieur.obj
e:\m1\s1\coo\projet\yahtzee\yahtzee\x64\release\figure.obj
e:\m1\s1\coo\projet\yahtzee\yahtzee\x64\release\de.obj
e:\m1\s1\coo\projet\yahtzee\x64\release\yahtzee.exe
e:\m1\s1\coo\projet\yahtzee\yahtzee\x64\release\yahtzee.iobj
e:\m1\s1\coo\projet\yahtzee\x64\release\yahtzee.pdb
e:\m1\s1\coo\projet\yahtzee\yahtzee\x64\release\yahtzee.ipdb
e:\m1\s1\coo\projet\yahtzee\yahtzee\x64\release\yahtzee.tlog\cl.command.1.tlog
e:\m1\s1\coo\projet\yahtzee\yahtzee\x64\release\yahtzee.tlog\cl.read.1.tlog
e:\m1\s1\coo\projet\yahtzee\yahtzee\x64\release\yahtzee.tlog\cl.write.1.tlog
e:\m1\s1\coo\projet\yahtzee\yahtzee\x64\release\yahtzee.tlog\link.command.1.tlog
e:\m1\s1\coo\projet\yahtzee\yahtzee\x64\release\yahtzee.tlog\link.read.1.tlog
e:\m1\s1\coo\projet\yahtzee\yahtzee\x64\release\yahtzee.tlog\link.write.1.tlog
