  IA.cpp
  joueur.cpp
  partie.cpp
C:\Program Files (x86)\Microsoft Visual Studio\2019\Community\VC\Tools\MSVC\14.29.30133\include\xutility(158,56): error C2664: 'Yahtzee::IA::IA(const Yahtzee::IA &)': cannot convert argument 1 from '_Ty' to 'const Yahtzee::IA &'
          with
          [
              _Ty=std::basic_string<char,std::char_traits<char>,std::allocator<char>>
          ]
C:\Program Files (x86)\Microsoft Visual Studio\2019\Community\VC\Tools\MSVC\14.29.30133\include\xutility(151,1): message : Reason: cannot convert from '_Ty' to 'const Yahtzee::IA'
          with
          [
              _Ty=std::basic_string<char,std::char_traits<char>,std::allocator<char>>
          ]
C:\Program Files (x86)\Microsoft Visual Studio\2019\Community\VC\Tools\MSVC\14.29.30133\include\xutility(158,77): message : No user-defined-conversion operator available that can perform this conversion, or the operator cannot be called
E:\M1\S1\COO\Projet\Yahtzee\Yahtzee\IA.h(20,2): message : see declaration of 'Yahtzee::IA::IA'
C:\Program Files (x86)\Microsoft Visual Studio\2019\Community\VC\Tools\MSVC\14.29.30133\include\memory(2021): message : see reference to function template instantiation 'void std::_Construct_in_place<_Ty,std::basic_string<char,std::char_traits<char>,std::allocator<char>>>(_Ty &,std::basic_string<char,std::char_traits<char>,std::allocator<char>> &&) noexcept(false)' being compiled
          with
          [
              _Ty=Yahtzee::IA
          ]
C:\Program Files (x86)\Microsoft Visual Studio\2019\Community\VC\Tools\MSVC\14.29.30133\include\memory(2747): message : see reference to function template instantiation 'std::_Ref_count_obj2<_Ty>::_Ref_count_obj2<std::basic_string<char,std::char_traits<char>,std::allocator<char>>>(std::basic_string<char,std::char_traits<char>,std::allocator<char>> &&)' being compiled
          with
          [
              _Ty=Yahtzee::IA
          ]
C:\Program Files (x86)\Microsoft Visual Studio\2019\Community\VC\Tools\MSVC\14.29.30133\include\memory(2748): message : see reference to function template instantiation 'std::_Ref_count_obj2<_Ty>::_Ref_count_obj2<std::basic_string<char,std::char_traits<char>,std::allocator<char>>>(std::basic_string<char,std::char_traits<char>,std::allocator<char>> &&)' being compiled
          with
          [
              _Ty=Yahtzee::IA
          ]
E:\M1\S1\COO\Projet\Yahtzee\Yahtzee\partie.cpp(23): message : see reference to function template instantiation 'std::shared_ptr<Yahtzee::IA> std::make_shared<Yahtzee::IA,std::basic_string<char,std::char_traits<char>,std::allocator<char>>>(std::basic_string<char,std::char_traits<char>,std::allocator<char>> &&)' being compiled
  Yahtzee.cpp
