e:\m1\s1\coo\projet\yahtzee\yahtzee\debug\vc142.pdb
e:\m1\s1\coo\projet\yahtzee\yahtzee\debug\vc142.idb
e:\m1\s1\coo\projet\yahtzee\yahtzee\debug\yahtzee.obj
e:\m1\s1\coo\projet\yahtzee\yahtzee\debug\lancer.obj
e:\m1\s1\coo\projet\yahtzee\yahtzee\debug\joueur.obj
e:\m1\s1\coo\projet\yahtzee\yahtzee\debug\ia.obj
e:\m1\s1\coo\projet\yahtzee\yahtzee\debug\figuresuperieur.obj
e:\m1\s1\coo\projet\yahtzee\yahtzee\debug\figuresjeu.obj
e:\m1\s1\coo\projet\yahtzee\yahtzee\debug\figureinferieur.obj
e:\m1\s1\coo\projet\yahtzee\yahtzee\debug\figure.obj
e:\m1\s1\coo\projet\yahtzee\yahtzee\debug\de.obj
e:\m1\s1\coo\projet\yahtzee\yahtzee\debug\partie.obj
e:\m1\s1\coo\projet\yahtzee\debug\yahtzee.exe
e:\m1\s1\coo\projet\yahtzee\yahtzee\debug\yahtzee.ilk
e:\m1\s1\coo\projet\yahtzee\debug\yahtzee.pdb
e:\m1\s1\coo\projet\yahtzee\yahtzee\debug\yahtzee.tlog\cl.command.1.tlog
e:\m1\s1\coo\projet\yahtzee\yahtzee\debug\yahtzee.tlog\cl.read.1.tlog
e:\m1\s1\coo\projet\yahtzee\yahtzee\debug\yahtzee.tlog\cl.write.1.tlog
e:\m1\s1\coo\projet\yahtzee\yahtzee\debug\yahtzee.tlog\link.command.1.tlog
e:\m1\s1\coo\projet\yahtzee\yahtzee\debug\yahtzee.tlog\link.read.1.tlog
e:\m1\s1\coo\projet\yahtzee\yahtzee\debug\yahtzee.tlog\link.write.1.tlog
